<?xml version="1.0" encoding="UTF-8"?>
<!-- Generated by org.testng.reporters.JUnitReportReporter -->
<testsuite hostname="THRINATH" failures="0" tests="1" name="com.crm.organization.TC_VT_003_Test" time="9.213" errors="0" timestamp="2024-11-28T12:59:16 IST" skipped="0">
  <testcase classname="com.crm.organization.TC_VT_003_Test" name="createOrgWithIndustry" time="9.213"/>
  <system-out/>
</testsuite> <!-- com.crm.organization.TC_VT_003_Test -->
