<?xml version="1.0" encoding="UTF-8"?>
<!-- Generated by org.testng.reporters.JUnitReportReporter -->
<testsuite hostname="THRINATH" failures="0" tests="1" name="com.crm.organization.TC_VT_002_Test" time="9.172" errors="0" timestamp="2024-11-28T11:28:36 IST" skipped="0">
  <testcase classname="com.crm.organization.TC_VT_002_Test" name="createOrganization" time="9.172"/>
  <system-out/>
</testsuite> <!-- com.crm.organization.TC_VT_002_Test -->
