<?xml version="1.0" encoding="UTF-8"?>
<!-- Generated by org.testng.reporters.JUnitReportReporter -->
<testsuite hostname="THRINATH" failures="0" tests="1" name="com.crm.contacts.TC_VT_003_Test" time="26.631" errors="0" timestamp="2024-11-28T11:26:17 IST" skipped="0">
  <testcase classname="com.crm.contacts.TC_VT_003_Test" name="createContactWithOrg" time="26.631"/>
  <system-out/>
</testsuite> <!-- com.crm.contacts.TC_VT_003_Test -->
