<?xml version="1.0" encoding="UTF-8"?>
<!-- Generated by org.testng.reporters.JUnitReportReporter -->
<testsuite hostname="THRINATH" failures="0" tests="1" name="com.crm.organization.TC_VT_001_Test" time="5.339" errors="0" timestamp="2024-11-26T14:03:25 IST" skipped="0">
  <testcase classname="com.crm.organization.TC_VT_001_Test" name="clickOrganization" time="5.339"/>
  <system-out/>
</testsuite> <!-- com.crm.organization.TC_VT_001_Test -->
