<?xml version="1.0" encoding="UTF-8"?>
<!-- Generated by org.testng.reporters.JUnitReportReporter -->
<testsuite hostname="THRINATH" failures="0" tests="1" name="com.crm.contacts.TC_VT_001_Test" time="10.521" errors="0" timestamp="2024-11-28T11:38:09 IST" skipped="0">
  <testcase classname="com.crm.contacts.TC_VT_001_Test" name="clickContactModule" time="10.521"/>
  <system-out/>
</testsuite> <!-- com.crm.contacts.TC_VT_001_Test -->
