<?xml version="1.0" encoding="UTF-8"?>
<!-- Generated by org.testng.reporters.JUnitReportReporter -->
<testsuite hostname="THRINATH" failures="0" tests="1" name="com.crm.organization.TC_VT_002_Test" time="8.703" errors="0" timestamp="2024-11-27T12:46:51 IST" skipped="0">
  <testcase classname="com.crm.organization.TC_VT_002_Test" name="createOrganization" time="8.703"/>
  <system-out/>
</testsuite> <!-- com.crm.organization.TC_VT_002_Test -->
